<?xml version="1.0" encoding="UTF-8"?>
<!-- Generated by org.testng.reporters.JUnitReportReporter -->
<testsuite hostname="APL-5CD128FLHK" failures="0" tests="1" name="hgk.selenium.FreshStart.WebTable" time="15.023" errors="0" timestamp="2025-03-21T21:16:15 IST" skipped="0">
  <testcase classname="hgk.selenium.FreshStart.WebTable" name="tableData" time="15.023"/>
  <system-out/>
</testsuite> <!-- hgk.selenium.FreshStart.WebTable -->
