<?xml version="1.0" encoding="UTF-8"?>
<!-- Generated by org.testng.reporters.JUnitReportReporter -->
<testsuite hostname="APL-5CD128FLHK" failures="0" tests="1" name="hgk.selenium.FreshStart.LocatorPractiseAll" time="14.048" errors="0" timestamp="2025-03-01T08:21:15 IST" skipped="0">
  <testcase classname="hgk.selenium.FreshStart.LocatorPractiseAll" name="fixedWebTable" time="14.048"/>
  <system-out/>
</testsuite> <!-- hgk.selenium.FreshStart.LocatorPractiseAll -->
