<?xml version="1.0" encoding="UTF-8"?>
<!-- Generated by org.testng.reporters.JUnitReportReporter -->
<testsuite hostname="APL-5CD128FLHK" failures="0" tests="1" name="hgk.selenium.FlightBook_E2E.BrowserInit" time="13.819" errors="0" timestamp="2025-03-13T07:14:28 IST" skipped="0">
  <testcase classname="hgk.selenium.FlightBook_E2E.BrowserInit" name="browserLoad" time="13.819"/>
  <system-out/>
</testsuite> <!-- hgk.selenium.FlightBook_E2E.BrowserInit -->
