<?xml version="1.0" encoding="UTF-8"?>
<!-- Generated by org.testng.reporters.JUnitReportReporter -->
<testsuite hostname="APL-5CD128FLHK" failures="0" tests="1" name="Telefonica.Whatshapp" time="19.350" errors="0" timestamp="2025-03-25T10:21:51 IST" skipped="0">
  <testcase classname="Telefonica.Whatshapp" name="whatshappHomepage" time="19.350"/>
  <system-out/>
</testsuite> <!-- Telefonica.Whatshapp -->
