<?xml version="1.0" encoding="UTF-8"?>
<!-- Generated by org.testng.reporters.JUnitReportReporter -->
<testsuite hostname="APL-5CD128FLHK" failures="0" tests="1" name="hgk.selenium.BrowserInit.BrowserLoad" time="8.015" errors="0" timestamp="2025-02-22T07:46:57 IST" skipped="0">
  <testcase classname="hgk.selenium.BrowserInit.BrowserLoad" name="browser" time="8.015"/>
  <system-out/>
</testsuite> <!-- hgk.selenium.BrowserInit.BrowserLoad -->
