<?xml version="1.0" encoding="UTF-8"?>
<!-- Generated by org.testng.reporters.JUnitReportReporter -->
<testsuite hostname="APL-5CD128FLHK" failures="0" tests="1" name="hgk.selenium.FlightBook_E2E.SubmitClass" time="0.251" errors="0" timestamp="2025-03-18T21:50:08 IST" skipped="0">
  <testcase classname="hgk.selenium.FlightBook_E2E.SubmitClass" name="bookFlightSubmitBtn" time="0.251"/>
  <system-out/>
</testsuite> <!-- hgk.selenium.FlightBook_E2E.SubmitClass -->
