<?xml version="1.0" encoding="UTF-8"?>
<!-- Generated by org.testng.reporters.JUnitReportReporter -->
<testsuite hostname="APL-5CD128FLHK" failures="0" tests="1" name="hgk.selenium.FlightBook_E2E.TravelMode" time="6.617" errors="0" timestamp="2025-03-18T06:08:34 IST" skipped="0">
  <testcase classname="hgk.selenium.FlightBook_E2E.TravelMode" name="travelModeSel" time="6.617"/>
  <system-out/>
</testsuite> <!-- hgk.selenium.FlightBook_E2E.TravelMode -->
