<?xml version="1.0" encoding="UTF-8"?>
<!-- Generated by org.testng.reporters.JUnitReportReporter -->
<testsuite hostname="APL-5CD128FLHK" failures="0" tests="2" name="hgk.selenium.FreshStart.ActionsClass" time="19.560" errors="0" timestamp="2025-02-21T09:32:38 IST" skipped="0">
  <testcase classname="hgk.selenium.FreshStart.ActionsClass" name="closeBrowser" time="2.337"/>
  <system-out/>
  <testcase classname="hgk.selenium.FreshStart.ActionsClass" name="test" time="17.223"/>
  <system-out/>
</testsuite> <!-- hgk.selenium.FreshStart.ActionsClass -->
