<?xml version="1.0" encoding="UTF-8"?>
<!-- Generated by org.testng.reporters.JUnitReportReporter -->
<testsuite hostname="APL-5CD128FLHK" failures="0" tests="1" name="hgk.selenium.FlightBook_E2E.PassengersDropdown" time="5.385" errors="0" timestamp="2025-03-15T08:03:54 IST" skipped="0">
  <testcase classname="hgk.selenium.FlightBook_E2E.PassengersDropdown" name="passengersCount" time="5.385"/>
  <system-out/>
</testsuite> <!-- hgk.selenium.FlightBook_E2E.PassengersDropdown -->
