<?xml version="1.0" encoding="UTF-8"?>
<!-- Generated by org.testng.reporters.JUnitReportReporter -->
<testsuite hostname="APL-5CD128FLHK" failures="0" tests="2" name="hgk.selenium.FreshStart.Password_Split_Form_Fill" time="17.574" errors="0" timestamp="2025-03-13T06:41:14 IST" skipped="0">
  <testcase classname="hgk.selenium.FreshStart.Password_Split_Form_Fill" name="formPage" time="7.173"/>
  <system-out/>
  <testcase classname="hgk.selenium.FreshStart.Password_Split_Form_Fill" name="fillForm" time="10.401"/>
  <system-out/>
</testsuite> <!-- hgk.selenium.FreshStart.Password_Split_Form_Fill -->
