<?xml version="1.0" encoding="UTF-8"?>
<!-- Generated by org.testng.reporters.JUnitReportReporter -->
<testsuite hostname="APL-5CD128FLHK" failures="0" tests="1" name="hgk.selenium.FreshStart.FooterLinksClick_RetriveTitle" time="50.651" errors="0" timestamp="2025-03-21T20:51:17 IST" skipped="0">
  <testcase classname="hgk.selenium.FreshStart.FooterLinksClick_RetriveTitle" name="linksClickFetchTitle" time="50.651"/>
  <system-out/>
</testsuite> <!-- hgk.selenium.FreshStart.FooterLinksClick_RetriveTitle -->
