<?xml version="1.0" encoding="UTF-8"?>
<!-- Generated by org.testng.reporters.JUnitReportReporter -->
<testsuite hostname="APL-5CD128FLHK" failures="0" tests="2" name="hgk.selenium.FlightBook_E2E.FromToBooking" time="1.930" errors="0" timestamp="2025-03-18T20:38:04 IST" skipped="0">
  <testcase classname="hgk.selenium.FlightBook_E2E.FromToBooking" name="departureCitySel" time="1.423"/>
  <system-out/>
  <testcase classname="hgk.selenium.FlightBook_E2E.FromToBooking" name="arrivalCitySel" time="0.507"/>
  <system-out/>
</testsuite> <!-- hgk.selenium.FlightBook_E2E.FromToBooking -->
