<?xml version="1.0" encoding="UTF-8"?>
<!-- Generated by org.testng.reporters.JUnitReportReporter -->
<testsuite hostname="APL-5CD128FLHK" failures="0" tests="3" name="hgk.selenium.FlightBook_E2E.CalendarTicketBook" time="27.217" errors="0" timestamp="2025-03-18T21:47:33 IST" skipped="0">
  <testcase classname="hgk.selenium.FlightBook_E2E.CalendarTicketBook" name="travelModeSel" time="6.426"/>
  <system-out/>
  <testcase classname="hgk.selenium.FlightBook_E2E.CalendarTicketBook" name="journeyTicketBookCalendar" time="17.924"/>
  <system-out/>
  <testcase classname="hgk.selenium.FlightBook_E2E.CalendarTicketBook" name="returnTicketBookCalendar" time="2.867"/>
  <system-out/>
</testsuite> <!-- hgk.selenium.FlightBook_E2E.CalendarTicketBook -->
