<?xml version="1.0" encoding="UTF-8"?>
<!-- Generated by org.testng.reporters.JUnitReportReporter -->
<testsuite hostname="APL-5CD128FLHK" failures="0" tests="1" name="hgk.selenium.Miscellaneous_ChomeOptions.Miscellaneous_ChomeHTTP_Cookies_Connection_Incognito" time="11.362" errors="0" timestamp="2025-03-23T10:55:29 IST" skipped="0">
  <testcase classname="hgk.selenium.Miscellaneous_ChomeOptions.Miscellaneous_ChomeHTTP_Cookies_Connection_Incognito" name="performChromeOptions" time="11.362"/>
  <system-out/>
</testsuite> <!-- hgk.selenium.Miscellaneous_ChomeOptions.Miscellaneous_ChomeHTTP_Cookies_Connection_Incognito -->
