<?xml version="1.0" encoding="UTF-8"?>
<!-- Generated by org.testng.reporters.JUnitReportReporter -->
<testsuite hostname="APL-5CD128FLHK" failures="0" tests="2" name="hgk.selenium.FreshStart.ActionsMoverHover" time="15.273" errors="0" timestamp="2025-02-23T08:22:18 IST" skipped="1">
  <testcase classname="hgk.selenium.FreshStart.ActionsMoverHover" name="accountLogin" time="15.273"/>
  <system-out/>
  <testcase classname="hgk.selenium.FreshStart.ActionsMoverHover" name="AmazonMouseHover">
    <skipped/>
  </testcase> <!-- AmazonMouseHover -->
  <system-out/>
</testsuite> <!-- hgk.selenium.FreshStart.ActionsMoverHover -->
